#-----------------------------------------------------------
# PlanAhead v14.7
# Build 321239 by xbuild on Fri Sep 27 19:31:35 MDT 2013
# Start of session at: Tue Dec 12 17:38:34 2017
# Process ID: 8904
# Log file: C:/Users/Student/Desktop/KrungKringKree-Piggy-Bank/KrungKringKree-Piggy-Bank/planAhead_run_1/planAhead.log
# Journal file: C:/Users/Student/Desktop/KrungKringKree-Piggy-Bank/KrungKringKree-Piggy-Bank/planAhead_run_1/planAhead.jou
#-----------------------------------------------------------
INFO: [Common 17-78] Attempting to get a license: PlanAhead
INFO: [Common 17-290] Got license for PlanAhead
INFO: [Device 21-36] Loading parts and site information from C:/Xilinx/14.7/ISE_DS/PlanAhead/data/parts/arch.xml
Parsing RTL primitives file [C:/Xilinx/14.7/ISE_DS/PlanAhead/data/parts/xilinx/rtl/prims/rtl_prims.xml]
Finished parsing RTL primitives file [C:/Xilinx/14.7/ISE_DS/PlanAhead/data/parts/xilinx/rtl/prims/rtl_prims.xml]
start_gui
source C:/Users/Student/Desktop/KrungKringKree-Piggy-Bank/KrungKringKree-Piggy-Bank/pa.fromHdl.tcl
# create_project -name KrungKringKree-Piggy-Bank -dir "C:/Users/Student/Desktop/KrungKringKree-Piggy-Bank/KrungKringKree-Piggy-Bank/planAhead_run_1" -part xc3s400tq144-4
# set_param project.pinAheadLayout yes
# set srcset [get_property srcset [current_run -impl]]
# set_property target_constrs_file "main.ucf" [current_fileset -constrset]
Adding file 'C:/Users/Student/Desktop/KrungKringKree-Piggy-Bank/KrungKringKree-Piggy-Bank/main.ucf' to fileset 'constrs_1'
# set hdlfile [add_files [list {main.vhf}]]
# set_property file_type VHDL $hdlfile
# set_property library work $hdlfile
# set_property top main $srcset
# add_files [list {main.ucf}] -fileset [get_property constrset [current_run]]
# open_rtl_design -part xc3s400tq144-4
Using Verific elaboration
Parsing VHDL file "C:/Xilinx/14.7/ISE_DS/PlanAhead/data/parts/xilinx/rtl/lib/synplify/synattr.vhd" into library synplify
Parsing VHDL file "C:/Xilinx/14.7/ISE_DS/PlanAhead/data/parts/xilinx/rtl/lib/synplify/synattr.vhd" into library synplify
Parsing VHDL file "C:/Users/Student/Desktop/KrungKringKree-Piggy-Bank/KrungKringKree-Piggy-Bank/main.vhf" into library work
INFO: [Designutils 20-910] Reading macro library C:/Xilinx/14.7/ISE_DS/PlanAhead/data\./parts/xilinx/spartan3/hd_int_macros.edn
Parsing EDIF File [C:/Xilinx/14.7/ISE_DS/PlanAhead/data\./parts/xilinx/spartan3/hd_int_macros.edn]
Finished Parsing EDIF File [C:/Xilinx/14.7/ISE_DS/PlanAhead/data\./parts/xilinx/spartan3/hd_int_macros.edn]
Loading clock regions from C:/Xilinx/14.7/ISE_DS/PlanAhead/data\parts/xilinx/spartan3/spartan3/xc3s400/ClockRegion.xml
Loading clock buffers from C:/Xilinx/14.7/ISE_DS/PlanAhead/data\parts/xilinx/spartan3/spartan3/xc3s400/ClockBuffers.xml
Loading package from C:/Xilinx/14.7/ISE_DS/PlanAhead/data\parts/xilinx/spartan3/spartan3/xc3s400/tq144/Package.xml
Loading io standards from C:/Xilinx/14.7/ISE_DS/PlanAhead/data\./parts/xilinx/spartan3/IOStandards.xml
INFO: [Device 21-19] Loading pkg sso from C:/Xilinx/14.7/ISE_DS/PlanAhead/data\parts/xilinx/spartan3/spartan3/xc3s400/tq144/SSORules.xml
Loading list of drcs for the architecture : C:/Xilinx/14.7/ISE_DS/PlanAhead/data\./parts/xilinx/spartan3/drc.xml
INFO: [Timing 38-77] Reading timing library C:/Xilinx/14.7/ISE_DS/PlanAhead/data\parts/xilinx/spartan3/spartan3/spartan3-4.lib.
INFO: [Timing 38-34] Done reading timing library C:/Xilinx/14.7/ISE_DS/PlanAhead/data\parts/xilinx/spartan3/spartan3/spartan3-4.lib.
Parsing UCF File [C:/Users/Student/Desktop/KrungKringKree-Piggy-Bank/KrungKringKree-Piggy-Bank/main.ucf]
Finished Parsing UCF File [C:/Users/Student/Desktop/KrungKringKree-Piggy-Bank/KrungKringKree-Piggy-Bank/main.ucf]
INFO: [Project 1-111] Unisim Transformation Summary:
No Unisim elements were transformed.

Phase 0 | Netlist Checksum: 8e91f1e7
open_rtl_design: Time (s): elapsed = 00:00:05 . Memory (MB): peak = 479.855 ; gain = 60.484
update_compile_order -fileset sim_1
startgroup
set_property package_pin P124 [get_ports BAHT5_K1_3_P124]
endgroup
startgroup
set_property package_pin P123 [get_ports BAHT10_K1_5_P123]
endgroup
startgroup
set_property package_pin P125 [get_ports BATH1_K1_1_P125]
endgroup
startgroup
set_property package_pin P122 [get_ports DS_U30_K1_7_P122]
endgroup
startgroup
set_property package_pin P79 [get_ports U19_Q0_K6_1_P79]
endgroup
startgroup
set_property package_pin P78 [get_ports U19_Q1_K6_3_P78]
endgroup
startgroup
set_property package_pin P77 [get_ports U19_Q2_K6_5_77]
endgroup
startgroup
set_property package_pin P76 [get_ports U19_Q3_K6_7_P76]
endgroup
exit
ERROR: [PlanAhead 12-106] *** Exception: ui.h.b: Found deleted key in HTclEventBroker. Verify if the classes listed here call cleanup()
HTclEvent: DEBUG_PORT_CONFIG_CHANGE   Classes: ui.views.aR 
HTclEvent: DEBUG_CORE_CONFIG_CHANGE   Classes: ui.views.aR 
HTclEvent: SIGNAL_BUS_MODIFY   Classes: ui.views.aR 
HTclEvent: SIGNAL_MODIFY   Classes: ui.views.aR 
 (See C:/Users/Student/Desktop/KrungKringKree-Piggy-Bank/KrungKringKree-Piggy-Bank\planAhead_pid8904.debug)
ERROR: [Common 17-39] 'stop_gui' failed due to earlier errors.
INFO: [Common 17-206] Exiting PlanAhead at Tue Dec 12 17:40:09 2017...
INFO: [Common 17-83] Releasing license: PlanAhead
