
****** PlanAhead v14.7
  **** Build 321239 by xbuild on Fri Sep 27 19:31:35 MDT 2013
    ** Copyright 1986-1999, 2001-2013 Xilinx, Inc. All Rights Reserved.

INFO: [Common 17-78] Attempting to get a license: PlanAhead
INFO: [Common 17-290] Got license for PlanAhead
INFO: [Device 21-36] Loading parts and site information from C:/Xilinx/14.7/ISE_DS/PlanAhead/data/parts/arch.xml
Parsing RTL primitives file [C:/Xilinx/14.7/ISE_DS/PlanAhead/data/parts/xilinx/rtl/prims/rtl_prims.xml]
Finished parsing RTL primitives file [C:/Xilinx/14.7/ISE_DS/PlanAhead/data/parts/xilinx/rtl/prims/rtl_prims.xml]
start_gui
source C:/Users/Student/Desktop/KrungKringKree-Piggy-Bank/KrungKringKree-Piggy-Bank/pa.fromHdl.tcl
# create_project -name KrungKringKree-Piggy-Bank -dir "C:/Users/Student/Desktop/KrungKringKree-Piggy-Bank/KrungKringKree-Piggy-Bank/planAhead_run_5" -part xc3s400tq144-4
# set_param project.pinAheadLayout yes
# set srcset [get_property srcset [current_run -impl]]
# set_property target_constrs_file "main.ucf" [current_fileset -constrset]
Adding file 'C:/Users/Student/Desktop/KrungKringKree-Piggy-Bank/KrungKringKree-Piggy-Bank/main.ucf' to fileset 'constrs_1'
# set hdlfile [add_files [list {main.vhf}]]
# set_property file_type VHDL $hdlfile
# set_property library work $hdlfile
# set_property top main $srcset
# add_files [list {main.ucf}] -fileset [get_property constrset [current_run]]
# open_rtl_design -part xc3s400tq144-4
Using Verific elaboration
Parsing VHDL file "C:/Xilinx/14.7/ISE_DS/PlanAhead/data/parts/xilinx/rtl/lib/synplify/synattr.vhd" into library synplify
Parsing VHDL file "C:/Xilinx/14.7/ISE_DS/PlanAhead/data/parts/xilinx/rtl/lib/synplify/synattr.vhd" into library synplify
Parsing VHDL file "C:/Users/Student/Desktop/KrungKringKree-Piggy-Bank/KrungKringKree-Piggy-Bank/main.vhf" into library work
INFO: [Designutils 20-910] Reading macro library C:/Xilinx/14.7/ISE_DS/PlanAhead/data\./parts/xilinx/spartan3/hd_int_macros.edn
Parsing EDIF File [C:/Xilinx/14.7/ISE_DS/PlanAhead/data\./parts/xilinx/spartan3/hd_int_macros.edn]
Finished Parsing EDIF File [C:/Xilinx/14.7/ISE_DS/PlanAhead/data\./parts/xilinx/spartan3/hd_int_macros.edn]
Loading clock regions from C:/Xilinx/14.7/ISE_DS/PlanAhead/data\parts/xilinx/spartan3/spartan3/xc3s400/ClockRegion.xml
Loading clock buffers from C:/Xilinx/14.7/ISE_DS/PlanAhead/data\parts/xilinx/spartan3/spartan3/xc3s400/ClockBuffers.xml
Loading package from C:/Xilinx/14.7/ISE_DS/PlanAhead/data\parts/xilinx/spartan3/spartan3/xc3s400/tq144/Package.xml
Loading io standards from C:/Xilinx/14.7/ISE_DS/PlanAhead/data\./parts/xilinx/spartan3/IOStandards.xml
INFO: [Device 21-19] Loading pkg sso from C:/Xilinx/14.7/ISE_DS/PlanAhead/data\parts/xilinx/spartan3/spartan3/xc3s400/tq144/SSORules.xml
Loading list of drcs for the architecture : C:/Xilinx/14.7/ISE_DS/PlanAhead/data\./parts/xilinx/spartan3/drc.xml
INFO: [Timing 38-77] Reading timing library C:/Xilinx/14.7/ISE_DS/PlanAhead/data\parts/xilinx/spartan3/spartan3/spartan3-4.lib.
INFO: [Timing 38-34] Done reading timing library C:/Xilinx/14.7/ISE_DS/PlanAhead/data\parts/xilinx/spartan3/spartan3/spartan3-4.lib.
Parsing UCF File [C:/Users/Student/Desktop/KrungKringKree-Piggy-Bank/KrungKringKree-Piggy-Bank/main.ucf]
Finished Parsing UCF File [C:/Users/Student/Desktop/KrungKringKree-Piggy-Bank/KrungKringKree-Piggy-Bank/main.ucf]
INFO: [Project 1-111] Unisim Transformation Summary:
No Unisim elements were transformed.

Phase 0 | Netlist Checksum: 233a2a59
update_compile_order -fileset sim_1
startgroup
set_property package_pin P122 [get_ports K2_1_P112]
endgroup
startgroup
set_property package_pin P108 [get_ports K2_3_P108]
endgroup
startgroup
set_property package_pin P107 [get_ports K2_5_P107]
endgroup
startgroup
set_property package_pin P105 [get_ports K2_7_105]
endgroup
startgroup
set_property package_pin P104 [get_ports K2_9_P104]
endgroup
startgroup
set_property package_pin P103 [get_ports K2_11_P103]
endgroup
startgroup
set_property package_pin P102 [get_ports K2_13_102]
endgroup
startgroup
set_property package_pin P100 [get_ports K2_15_P100]
endgroup
startgroup
set_property package_pin P26 [get_ports LED_P26]
endgroup
startgroup
set_property package_pin P27 [get_ports LED_P27]
endgroup
startgroup
set_property package_pin P28 [get_ports LED_P28]
endgroup
startgroup
set_property package_pin P30 [get_ports LED_P30]
endgroup
startgroup
set_property package_pin P31 [get_ports LED_P31]
endgroup
startgroup
set_property package_pin P32 [get_ports LED_P32]
endgroup
startgroup
set_property package_pin P33 [get_ports LED_P33]
endgroup
startgroup
set_property package_pin P35 [get_ports LED_P35]
endgroup
startgroup
set_property package_pin P99 [get_ports XLXN_45]
endgroup
startgroup
set_property package_pin P36 [get_ports XLXN_47]
endgroup
save_constraints
